2025-06-10T11:51:24.372Z [31merror[39m: Error processing form submission
2025-06-10T11:54:07.923Z [31merror[39m: Nodemailer configuration error
2025-06-10T11:54:08.236Z [31merror[39m: Nodemailer configuration error
2025-06-10T11:54:16.852Z [31merror[39m: Nodemailer configuration error
2025-06-10T11:54:16.854Z [31merror[39m: Nodemailer configuration error
2025-06-10T11:55:08.675Z [31merror[39m: Nodemailer configuration error
2025-06-10T11:55:08.677Z [31merror[39m: Nodemailer configuration error
2025-06-10T11:55:46.923Z [31merror[39m: Nodemailer configuration error
2025-06-10T11:55:46.940Z [31merror[39m: Nodemailer configuration error
2025-06-10T11:56:15.454Z [31merror[39m: Failed to send admin email
2025-06-10T11:56:15.454Z [31merror[39m: Error processing form submission
2025-06-10T11:57:09.102Z [31merror[39m: Nodemailer configuration error
2025-06-10T11:57:09.109Z [31merror[39m: Nodemailer configuration error
2025-06-10T11:57:13.587Z [31merror[39m: Nodemailer configuration error
2025-06-10T11:57:13.795Z [31merror[39m: Nodemailer configuration error
2025-06-10T11:57:32.012Z [31merror[39m: Nodemailer configuration error
2025-06-10T11:57:32.025Z [31merror[39m: Nodemailer configuration error
2025-06-10T11:58:13.851Z [31merror[39m: Nodemailer configuration error
2025-06-10T11:58:15.015Z [31merror[39m: Nodemailer configuration error
2025-06-10T11:58:15.015Z [31merror[39m: Nodemailer configuration error
2025-06-10T11:58:43.412Z [31merror[39m: Nodemailer configuration error
2025-06-10T11:58:43.508Z [31merror[39m: Nodemailer configuration error
2025-06-10T11:59:02.455Z [31merror[39m: Nodemailer configuration error
2025-06-10T11:59:02.458Z [31merror[39m: Nodemailer configuration error
2025-06-10T11:59:18.744Z [31merror[39m: Nodemailer configuration error
2025-06-10T11:59:18.771Z [31merror[39m: Nodemailer configuration error
2025-06-10T11:59:26.855Z [31merror[39m: Failed to send admin email
2025-06-10T11:59:26.856Z [31merror[39m: Error processing form submission
2025-06-10T12:02:54.296Z [31merror[39m: Failed to send admin email
2025-06-10T12:02:54.297Z [31merror[39m: Error processing form submission
2025-06-10T12:04:17.716Z [31merror[39m: Failed to send admin email
2025-06-10T12:04:17.717Z [31merror[39m: Error processing form submission
2025-06-10T13:12:11.291Z [31merror[39m: Failed to send auto-reply email
2025-06-10T13:12:11.295Z [31merror[39m: Error processing form submission
2025-06-11T04:39:27.144Z [31merror[39m: Nodemailer configuration error
2025-06-11T04:40:14.669Z [31merror[39m: Failed to send admin email
2025-06-11T04:40:14.670Z [31merror[39m: Error processing form submission
2025-06-11T04:40:44.197Z [31merror[39m: Failed to send admin email
2025-06-11T04:40:44.199Z [31merror[39m: Error processing form submission
2025-06-11T07:09:58.561Z [31merror[39m: Nodemailer configuration error
2025-06-11T07:15:54.944Z [31merror[39m: Nodemailer configuration error
2025-06-11T07:35:39.057Z [31merror[39m: Nodemailer configuration error
2025-06-11T07:53:37.482Z [31merror[39m: Nodemailer configuration error
2025-06-11T07:56:38.403Z [31merror[39m: Nodemailer configuration error
2025-06-11T08:05:01.614Z [31merror[39m: Nodemailer configuration error
2025-06-11T08:05:24.615Z [31merror[39m: Nodemailer configuration error
2025-06-11T08:05:51.613Z [31merror[39m: Nodemailer configuration error
2025-06-11T08:08:04.704Z [31merror[39m: Nodemailer configuration error
2025-06-11T08:09:20.769Z [31merror[39m: Nodemailer configuration error
2025-06-11T09:41:41.133Z [31merror[39m: Failed to send admin email
2025-06-11T09:41:41.140Z [31merror[39m: Error processing form submission
2025-06-11T09:43:12.743Z [31merror[39m: Failed to send admin email
2025-06-11T09:43:12.746Z [31merror[39m: Error processing form submission
2025-06-11T09:46:51.663Z [31merror[39m: Failed to send admin email
2025-06-11T09:46:51.664Z [31merror[39m: Error processing form submission
2025-06-11T09:55:57.554Z [31merror[39m: Failed to send admin email
2025-06-11T09:55:57.558Z [31merror[39m: Error processing form submission
2025-06-11T09:57:09.436Z [31merror[39m: Nodemailer configuration error
2025-06-12T04:49:45.573Z [31merror[39m: Nodemailer configuration error
2025-06-12T10:20:13.375Z [31merror[39m: Nodemailer configuration error
2025-06-12T10:21:21.444Z [31merror[39m: Nodemailer configuration error
2025-06-12T10:24:52.171Z [31merror[39m: Nodemailer configuration error
2025-06-12T10:36:29.765Z [31merror[39m: Nodemailer configuration error
2025-06-12T10:36:45.170Z [31merror[39m: Nodemailer configuration error
2025-06-12T10:36:50.647Z [31merror[39m: Nodemailer configuration error
2025-06-12T10:37:20.591Z [31merror[39m: MongoDB connection error: Could not connect to any servers in your MongoDB Atlas cluster. One common reason is that you're trying to access the database from an IP that isn't whitelisted. Make sure your current IP address is on your Atlas cluster's IP whitelist: https://www.mongodb.com/docs/atlas/security-whitelist/
2025-06-12T10:39:27.754Z [31merror[39m: Nodemailer configuration error
2025-06-12T10:39:33.423Z [31merror[39m: Nodemailer configuration error
2025-06-12T10:39:39.094Z [31merror[39m: Nodemailer configuration error
2025-06-12T11:09:58.478Z [31merror[39m: Nodemailer configuration error
2025-06-12T11:11:55.482Z [31merror[39m: Nodemailer configuration error
2025-06-12T11:33:33.886Z [31merror[39m: Nodemailer configuration error
2025-06-12T11:34:27.835Z [31merror[39m: Nodemailer configuration error
2025-06-12T11:44:22.575Z [31merror[39m: Nodemailer configuration error
2025-06-12T11:47:14.716Z [31merror[39m: Nodemailer configuration error
2025-06-12T11:49:22.571Z [31merror[39m: Nodemailer configuration error
2025-06-12T11:50:43.065Z [31merror[39m: Nodemailer configuration error
2025-06-12T11:51:12.039Z [31merror[39m: Nodemailer configuration error
2025-06-12T11:59:22.693Z [31merror[39m: Nodemailer configuration error
2025-06-12T12:01:34.046Z [31merror[39m: Nodemailer configuration error
2025-06-12T12:30:49.229Z [31merror[39m: Nodemailer configuration error
2025-06-12T12:43:36.537Z [31merror[39m: Nodemailer configuration error
2025-06-12T12:53:51.359Z [31merror[39m: Nodemailer configuration error
2025-06-12T12:55:50.818Z [31merror[39m: Nodemailer configuration error
2025-06-12T13:10:09.607Z [31merror[39m: Nodemailer configuration error
2025-06-12T13:10:39.522Z [31merror[39m: MongoDB connection error: Could not connect to any servers in your MongoDB Atlas cluster. One common reason is that you're trying to access the database from an IP that isn't whitelisted. Make sure your current IP address is on your Atlas cluster's IP whitelist: https://www.mongodb.com/docs/atlas/security-whitelist/
2025-06-12T13:13:35.037Z [31merror[39m: Nodemailer configuration error
2025-06-12T13:15:37.607Z [31merror[39m: Nodemailer configuration error
2025-06-13T04:31:43.879Z [31merror[39m: Nodemailer configuration error
2025-06-13T04:49:06.406Z [31merror[39m: Nodemailer configuration error
2025-06-13T04:51:09.924Z [31merror[39m: Nodemailer configuration error
2025-06-13T04:55:11.301Z [31merror[39m: Nodemailer configuration error
2025-06-13T04:57:38.719Z [31merror[39m: Nodemailer configuration error
2025-06-13T04:58:31.456Z [31merror[39m: Nodemailer configuration error
2025-06-13T04:59:07.866Z [31merror[39m: Nodemailer configuration error
2025-06-13T05:14:08.564Z [31merror[39m: Nodemailer configuration error
2025-06-13T05:56:17.992Z [31merror[39m: Nodemailer configuration error
2025-06-13T05:57:36.943Z [31merror[39m: Nodemailer configuration error
2025-06-13T06:03:57.426Z [31merror[39m: Nodemailer configuration error
2025-06-13T06:15:08.554Z [31merror[39m: Nodemailer configuration error
2025-06-13T06:54:05.761Z [31merror[39m: Nodemailer configuration error
2025-06-13T07:10:36.484Z [31merror[39m: Nodemailer configuration error
2025-06-13T07:23:09.715Z [31merror[39m: Nodemailer configuration error
2025-06-13T07:39:12.559Z [31merror[39m: Nodemailer configuration error
2025-06-13T08:10:50.940Z [31merror[39m: Nodemailer configuration error
2025-06-13T09:28:02.724Z [31merror[39m: Nodemailer configuration error
2025-06-13T09:37:06.569Z [31merror[39m: Nodemailer configuration error
2025-06-13T09:38:23.981Z [31merror[39m: Nodemailer configuration error
2025-06-13T09:39:28.027Z [31merror[39m: Nodemailer configuration error
2025-06-13T09:40:35.003Z [31merror[39m: Nodemailer configuration error
2025-06-13T09:43:29.332Z [31merror[39m: Nodemailer configuration error
2025-06-13T09:44:15.562Z [31merror[39m: Nodemailer configuration error
2025-06-13T09:45:25.084Z [31merror[39m: Nodemailer configuration error
2025-06-13T09:54:34.425Z [31merror[39m: Nodemailer configuration error
2025-06-13T09:57:01.415Z [31merror[39m: Nodemailer configuration error
2025-06-13T09:58:00.027Z [31merror[39m: Nodemailer configuration error
2025-06-13T10:01:24.472Z [31merror[39m: Nodemailer configuration error
2025-06-13T10:04:32.602Z [31merror[39m: Nodemailer configuration error
2025-06-13T10:18:58.913Z [31merror[39m: Nodemailer configuration error
2025-06-13T10:27:43.184Z [31merror[39m: Nodemailer configuration error
2025-06-13T10:40:36.038Z [31merror[39m: Nodemailer configuration error
2025-06-13T10:41:18.714Z [31merror[39m: Nodemailer configuration error
2025-06-13T10:53:02.334Z [31merror[39m: Nodemailer configuration error
2025-06-13T11:10:20.414Z [31merror[39m: Nodemailer configuration error
2025-06-13T11:32:08.454Z [31merror[39m: Nodemailer configuration error
2025-06-13T11:35:04.401Z [31merror[39m: Nodemailer configuration error
2025-06-13T11:55:56.833Z [31merror[39m: Nodemailer configuration error
2025-06-13T11:56:25.304Z [31merror[39m: Nodemailer configuration error
2025-06-13T11:57:37.464Z [31merror[39m: Nodemailer configuration error
2025-06-13T12:06:36.538Z [31merror[39m: MongoDB connection error: Could not connect to any servers in your MongoDB Atlas cluster. One common reason is that you're trying to access the database from an IP that isn't whitelisted. Make sure your current IP address is on your Atlas cluster's IP whitelist: https://www.mongodb.com/docs/atlas/security-whitelist/
2025-06-13T12:06:43.458Z [31merror[39m: Nodemailer configuration error
2025-06-13T12:06:50.431Z [31merror[39m: Nodemailer configuration error
2025-06-13T12:06:52.542Z [31merror[39m: Nodemailer configuration error
2025-06-13T12:06:55.970Z [31merror[39m: Nodemailer configuration error
2025-06-13T12:07:25.940Z [31merror[39m: MongoDB connection error: Could not connect to any servers in your MongoDB Atlas cluster. One common reason is that you're trying to access the database from an IP that isn't whitelisted. Make sure your current IP address is on your Atlas cluster's IP whitelist: https://www.mongodb.com/docs/atlas/security-whitelist/
2025-06-13T12:25:17.589Z [31merror[39m: Nodemailer configuration error
2025-06-13T12:27:12.910Z [31merror[39m: Nodemailer configuration error
2025-06-13T13:01:17.200Z [31merror[39m: Nodemailer configuration error
2025-06-13T13:02:47.492Z [31merror[39m: Nodemailer configuration error
2025-06-13T13:03:29.076Z [31merror[39m: Nodemailer configuration error
2025-06-13T13:04:32.181Z [31merror[39m: Nodemailer configuration error
2025-06-13T13:07:02.771Z [31merror[39m: Failed to send admin email
2025-06-13T13:08:50.014Z [31merror[39m: Failed to send admin email
2025-06-13T13:10:22.546Z [31merror[39m: Failed to send admin email
2025-06-13T13:11:50.300Z [31merror[39m: Failed to send admin email
2025-06-16T05:02:28.799Z [31merror[39m: Nodemailer configuration error
2025-06-16T05:48:29.670Z [31merror[39m: Nodemailer configuration error
2025-06-16T06:07:08.844Z [31merror[39m: Nodemailer configuration error
2025-06-16T06:17:28.720Z [31merror[39m: Nodemailer configuration error
2025-06-16T06:23:21.545Z [31merror[39m: Nodemailer configuration error
2025-06-16T13:14:49.895Z [31merror[39m: Nodemailer configuration error
2025-06-16T17:00:05.390Z [31merror[39m: Nodemailer configuration error
2025-06-16T17:00:35.233Z [31merror[39m: MongoDB connection error: Could not connect to any servers in your MongoDB Atlas cluster. One common reason is that you're trying to access the database from an IP that isn't whitelisted. Make sure your current IP address is on your Atlas cluster's IP whitelist: https://www.mongodb.com/docs/atlas/security-whitelist/
2025-07-03T12:12:28.181Z [31merror[39m: Nodemailer configuration error
2025-07-03T12:14:55.713Z [31merror[39m: Nodemailer configuration error
2025-07-03T12:40:13.644Z [31merror[39m: Nodemailer configuration error
2025-07-03T12:42:49.871Z [31merror[39m: Nodemailer configuration error
2025-07-03T12:45:09.284Z [31merror[39m: Nodemailer configuration error
2025-07-03T12:59:10.963Z [31merror[39m: Nodemailer configuration error
2025-07-03T13:01:14.359Z [31merror[39m: Nodemailer configuration error
2025-07-03T13:34:36.310Z [31merror[39m: Nodemailer configuration error
